<?xml version="1.0" encoding="UTF-8"?>
<!-- Generated by org.testng.reporters.JUnitXMLReporter -->
<testsuite ignored="1" hostname="coeuss-MacBook-Pro.local" failures="0" tests="1" name="Test" time="44.015" errors="0" timestamp="2022-06-14T19:36:08 PKT">
  <testcase classname="com.qa.tests.MyProfile_EditProfile" name="changePassword" time="38.856"/>
  <testcase classname="com.qa.tests.MyProfile_EditProfile" name="checkProfile" time="0.0">
    <ignored/>
  </testcase> <!-- checkProfile -->
</testsuite> <!-- Test -->
