<?xml version="1.0" encoding="UTF-8"?>
<testng-results ignored="1" total="2" passed="1" failed="0" skipped="0">
  <reporter-output>
  </reporter-output>
  <suite started-at="2022-06-14T19:35:23 PKT" name="Suite" finished-at="2022-06-14T19:36:07 PKT" duration-ms="44015">
    <groups>
    </groups>
    <test started-at="2022-06-14T19:35:23 PKT" name="Test" finished-at="2022-06-14T19:36:07 PKT" duration-ms="44015">
      <class name="com.qa.tests.MyProfile_EditProfile">
        <test-method is-config="true" signature="beforeClass(java.lang.String,java.lang.String,java.lang.String)[pri:0, instance:com.qa.tests.MyProfile_EditProfile@6adbc9d]" started-at="2022-06-14T19:35:23 PKT" name="beforeClass" finished-at="2022-06-14T19:35:29 PKT" duration-ms="5132" status="PASS">
          <params>
            <param index="0">
              <value>
                <![CDATA[iOS]]>
              </value>
            </param>
            <param index="1">
              <value>
                <![CDATA[Service’s iPhone]]>
              </value>
            </param>
            <param index="2">
              <value>
                <![CDATA[f0d9fece738845cee98fe4be32945cafbada716a]]>
              </value>
            </param>
          </params>
          <reporter-output>
          </reporter-output>
        </test-method> <!-- beforeClass -->
        <test-method is-config="true" signature="beforeMethod(java.lang.reflect.Method)[pri:0, instance:com.qa.tests.MyProfile_EditProfile@6adbc9d]" started-at="2022-06-14T19:35:29 PKT" name="beforeMethod" finished-at="2022-06-14T19:35:29 PKT" duration-ms="0" status="PASS">
          <params>
            <param index="0">
              <value>
                <![CDATA[public void com.qa.tests.MyProfile_EditProfile.changePassword()]]>
              </value>
            </param>
          </params>
          <reporter-output>
          </reporter-output>
        </test-method> <!-- beforeMethod -->
        <test-method signature="changePassword()[pri:0, instance:com.qa.tests.MyProfile_EditProfile@6adbc9d]" started-at="2022-06-14T19:35:29 PKT" name="changePassword" finished-at="2022-06-14T19:36:07 PKT" duration-ms="38856" status="PASS">
          <reporter-output>
          </reporter-output>
        </test-method> <!-- changePassword -->
        <test-method is-config="true" signature="afterMethod()[pri:0, instance:com.qa.tests.MyProfile_EditProfile@6adbc9d]" started-at="2022-06-14T19:36:07 PKT" name="afterMethod" finished-at="2022-06-14T19:36:07 PKT" duration-ms="0" status="PASS">
          <reporter-output>
          </reporter-output>
        </test-method> <!-- afterMethod -->
        <test-method is-config="true" signature="afterClass()[pri:0, instance:com.qa.tests.MyProfile_EditProfile@6adbc9d]" started-at="2022-06-14T19:36:07 PKT" name="afterClass" finished-at="2022-06-14T19:36:07 PKT" duration-ms="0" status="PASS">
          <reporter-output>
          </reporter-output>
        </test-method> <!-- afterClass -->
      </class> <!-- com.qa.tests.MyProfile_EditProfile -->
    </test> <!-- Test -->
  </suite> <!-- Suite -->
</testng-results>
